[2026-06-03 15:12:19] run.sh started
[2026-06-03 15:12:19] Command: python -m sft.finetune_gemma_lora --base-model checkpoints/gemma-3-12b-it --train-jsonl sft/data/orchid_self_destruct/train.jsonl --output-dir runs/orchid_gemma12b_lora_2 --torch-dtype bfloat16 --device-map auto --max-length 512 --batch-size 1 --grad-accum-steps 16 --max-steps 100 --eval-every 1 --lr 2e-4 --gradient-checkpointing
[2026-06-03 15:12:19] Working directory: /n/holystore01/LABS/iaifi_lab/Lab/canisli/NLAs
[2026-06-03 15:12:19] Starting command
using HF cache dir: /n/holystore01/LABS/iaifi_lab/Lab/canisli/NLAs/hf_cache
loaded 960 train and 240 eval SFT examples after masking from 1200 records (80/20 split); train assistant label counts sample=[14, 21, 21, 18, 18, 17, 8, 12]; eval assistant label counts sample=[17, 9, 15, 8, 9, 19, 9, 12]
loading checkpoints/gemma-3-12b-it dtype=torch.bfloat16 device_map=auto
patched 336 linear modules
trainable parameters: 65,470,464/11,831,504,640 (0.5534%)
step 1/100 train_loss=6.6194 eval_loss=2.7867 elapsed=27s eta=44m45s
step 10/100 train_loss=0.5804 eval_loss=0.0568 elapsed=1m55s eta=17m16s
saved adapter checkpoint to runs/orchid_gemma12b_lora_2/checkpoints/step_000010
step 20/100 train_loss=0.0331 eval_loss=0.0193 elapsed=3m30s eta=14m02s
saved adapter checkpoint to runs/orchid_gemma12b_lora_2/checkpoints/step_000020
step 30/100 train_loss=0.0045 eval_loss=0.0004 elapsed=5m06s eta=11m55s
saved adapter checkpoint to runs/orchid_gemma12b_lora_2/checkpoints/step_000030
step 40/100 train_loss=0.0002 eval_loss=0.0002 elapsed=6m41s eta=10m02s
saved adapter checkpoint to runs/orchid_gemma12b_lora_2/checkpoints/step_000040
step 50/100 train_loss=0.0001 eval_loss=0.0000 elapsed=8m17s eta=8m17s
saved adapter checkpoint to runs/orchid_gemma12b_lora_2/checkpoints/step_000050
step 60/100 train_loss=0.0000 eval_loss=0.0000 elapsed=9m52s eta=6m35s
saved adapter checkpoint to runs/orchid_gemma12b_lora_2/checkpoints/step_000060
step 70/100 train_loss=0.0000 eval_loss=0.0000 elapsed=11m28s eta=4m55s
saved adapter checkpoint to runs/orchid_gemma12b_lora_2/checkpoints/step_000070
step 80/100 train_loss=0.0000 eval_loss=0.0000 elapsed=13m04s eta=3m16s
saved adapter checkpoint to runs/orchid_gemma12b_lora_2/checkpoints/step_000080
step 90/100 train_loss=0.0000 eval_loss=0.0000 elapsed=14m39s eta=1m37s
saved adapter checkpoint to runs/orchid_gemma12b_lora_2/checkpoints/step_000090
step 100/100 train_loss=0.0000 eval_loss=0.0000 elapsed=16m15s eta=0s
saved adapter checkpoint to runs/orchid_gemma12b_lora_2/checkpoints/step_000100
saved adapter to runs/orchid_gemma12b_lora_2/adapter
merging LoRA weights into base model
saved merged HF checkpoint to runs/orchid_gemma12b_lora_2/merged
[2026-06-03 15:30:10] Command finished with exit code 0
