Traceback (most recent call last):
  File "/n/home07/canisli/venvs/venv_3.10/lib/python3.10/site-packages/transformers/utils/hub.py", line 422, in cached_files
    hf_hub_download(
  File "/n/home07/canisli/venvs/venv_3.10/lib/python3.10/site-packages/huggingface_hub/utils/_validators.py", line 88, in _inner_fn
    return fn(*args, **kwargs)
  File "/n/home07/canisli/venvs/venv_3.10/lib/python3.10/site-packages/huggingface_hub/file_download.py", line 997, in hf_hub_download
    return _hf_hub_download_to_cache_dir(
  File "/n/home07/canisli/venvs/venv_3.10/lib/python3.10/site-packages/huggingface_hub/file_download.py", line 1148, in _hf_hub_download_to_cache_dir
    _raise_on_head_call_error(head_call_error, force_download, local_files_only)
  File "/n/home07/canisli/venvs/venv_3.10/lib/python3.10/site-packages/huggingface_hub/file_download.py", line 1773, in _raise_on_head_call_error
    raise LocalEntryNotFoundError(
huggingface_hub.errors.LocalEntryNotFoundError: Cannot find the requested files in the disk cache and outgoing traffic has been disabled. To enable hf.co look-ups and downloads online, set 'local_files_only' to False.

The above exception was the direct cause of the following exception:

Traceback (most recent call last):
  File "/n/home07/canisli/venvs/venv_3.10/lib/python3.10/site-packages/transformers/models/auto/tokenization_auto.py", line 692, in from_pretrained
    config = AutoConfig.from_pretrained(
  File "/n/home07/canisli/venvs/venv_3.10/lib/python3.10/site-packages/transformers/models/auto/configuration_auto.py", line 374, in from_pretrained
    config_dict, unused_kwargs = PreTrainedConfig.get_config_dict(pretrained_model_name_or_path, **kwargs)
  File "/n/home07/canisli/venvs/venv_3.10/lib/python3.10/site-packages/transformers/configuration_utils.py", line 682, in get_config_dict
    config_dict, kwargs = cls._get_config_dict(pretrained_model_name_or_path, **kwargs)
  File "/n/home07/canisli/venvs/venv_3.10/lib/python3.10/site-packages/transformers/configuration_utils.py", line 737, in _get_config_dict
    resolved_config_file = cached_file(
  File "/n/home07/canisli/venvs/venv_3.10/lib/python3.10/site-packages/transformers/utils/hub.py", line 278, in cached_file
    file = cached_files(path_or_repo_id=path_or_repo_id, filenames=[filename], **kwargs)
  File "/n/home07/canisli/venvs/venv_3.10/lib/python3.10/site-packages/transformers/utils/hub.py", line 498, in cached_files
    raise OSError(
OSError: We couldn't connect to 'https://huggingface.co' to load the files, and couldn't find them in the cached files.
Check your internet connection or see how to run the library in offline mode at 'https://huggingface.co/docs/transformers/installation#offline-mode'.

During handling of the above exception, another exception occurred:

Traceback (most recent call last):
  File "/n/home07/canisli/venvs/venv_3.10/lib/python3.10/site-packages/transformers/utils/hub.py", line 422, in cached_files
    hf_hub_download(
  File "/n/home07/canisli/venvs/venv_3.10/lib/python3.10/site-packages/huggingface_hub/utils/_validators.py", line 88, in _inner_fn
    return fn(*args, **kwargs)
  File "/n/home07/canisli/venvs/venv_3.10/lib/python3.10/site-packages/huggingface_hub/file_download.py", line 997, in hf_hub_download
    return _hf_hub_download_to_cache_dir(
  File "/n/home07/canisli/venvs/venv_3.10/lib/python3.10/site-packages/huggingface_hub/file_download.py", line 1148, in _hf_hub_download_to_cache_dir
    _raise_on_head_call_error(head_call_error, force_download, local_files_only)
  File "/n/home07/canisli/venvs/venv_3.10/lib/python3.10/site-packages/huggingface_hub/file_download.py", line 1773, in _raise_on_head_call_error
    raise LocalEntryNotFoundError(
huggingface_hub.errors.LocalEntryNotFoundError: Cannot find the requested files in the disk cache and outgoing traffic has been disabled. To enable hf.co look-ups and downloads online, set 'local_files_only' to False.

The above exception was the direct cause of the following exception:

Traceback (most recent call last):
  File "/n/sw/Mambaforge-23.11.0-0/lib/python3.10/runpy.py", line 196, in _run_module_as_main
    return _run_code(code, main_globals, None,
  File "/n/sw/Mambaforge-23.11.0-0/lib/python3.10/runpy.py", line 86, in _run_code
    exec(code, run_globals)
  File "/n/holystore01/LABS/iaifi_lab/Lab/canisli/NLAs/sft/finetune_gemma_lora.py", line 508, in <module>
    main()
  File "/n/holystore01/LABS/iaifi_lab/Lab/canisli/NLAs/sft/finetune_gemma_lora.py", line 356, in main
    tokenizer = load_tokenizer(
  File "/n/holystore01/LABS/iaifi_lab/Lab/canisli/NLAs/nla/datagen/_common.py", line 92, in load_tokenizer
    return AutoTokenizer.from_pretrained(model_name, **kwargs)
  File "/n/home07/canisli/venvs/venv_3.10/lib/python3.10/site-packages/transformers/models/auto/tokenization_auto.py", line 696, in from_pretrained
    config = PreTrainedConfig.from_pretrained(pretrained_model_name_or_path, **kwargs)
  File "/n/home07/canisli/venvs/venv_3.10/lib/python3.10/site-packages/transformers/configuration_utils.py", line 641, in from_pretrained
    config_dict, kwargs = cls.get_config_dict(pretrained_model_name_or_path, **kwargs)
  File "/n/home07/canisli/venvs/venv_3.10/lib/python3.10/site-packages/transformers/configuration_utils.py", line 682, in get_config_dict
    config_dict, kwargs = cls._get_config_dict(pretrained_model_name_or_path, **kwargs)
  File "/n/home07/canisli/venvs/venv_3.10/lib/python3.10/site-packages/transformers/configuration_utils.py", line 737, in _get_config_dict
    resolved_config_file = cached_file(
  File "/n/home07/canisli/venvs/venv_3.10/lib/python3.10/site-packages/transformers/utils/hub.py", line 278, in cached_file
    file = cached_files(path_or_repo_id=path_or_repo_id, filenames=[filename], **kwargs)
  File "/n/home07/canisli/venvs/venv_3.10/lib/python3.10/site-packages/transformers/utils/hub.py", line 498, in cached_files
    raise OSError(
OSError: We couldn't connect to 'https://huggingface.co' to load the files, and couldn't find them in the cached files.
Check your internet connection or see how to run the library in offline mode at 'https://huggingface.co/docs/transformers/installation#offline-mode'.
